[ 2016-11-28T14:56:45+08:00 ] 127.0.0.1 /index.php/Weixin/Indexadmin/imgLists/menuid/171
INFO: [ app_init ] --START--
INFO: Run Behavior\BuildLiteBehavior [ RunTime:0.000000s ]
INFO: Run Common\Behavior\InitHookBehavior [ RunTime:0.002000s ]
INFO: [ app_init ] --END-- [ RunTime:0.003000s ]
INFO: [ app_begin ] --START--
INFO: Run Behavior\ReadHtmlCacheBehavior [ RunTime:0.001000s ]
INFO: Run Behavior\CheckLangBehavior [ RunTime:0.002001s ]
INFO: [ app_begin ] --END-- [ RunTime:0.003001s ]
SQL: SHOW COLUMNS FROM `gg_users` [ RunTime:0.0090s ]
SQL: SELECT * FROM `gg_users` WHERE ( id=1 ) LIMIT 1   [ RunTime:0.0060s ]
SQL: SHOW COLUMNS FROM `gg_wx_user` [ RunTime:0.0110s ]
SQL: SELECT * FROM `gg_wx_user` LIMIT 1   [ RunTime:0.0060s ]
NOTIC: [8] Undefined index: type D:\wamp\www\backend\application\Weixin\Controller\IndexadminController.class.php 第 524 行.
NOTIC: [8] Undefined index: title D:\wamp\www\backend\application\Weixin\Controller\IndexadminController.class.php 第 527 行.
SQL: SHOW COLUMNS FROM `gg_wx_img` [ RunTime:0.0080s ]
SQL: SELECT COUNT(*) AS tp_count FROM `gg_wx_img` LIMIT 1   [ RunTime:0.0140s ]
SQL: SELECT * FROM `gg_wx_img` LIMIT 0,20   [ RunTime:0.0060s ]
SQL: SHOW COLUMNS FROM `gg_wx_keyword` [ RunTime:0.0090s ]
SQL: SELECT * FROM `gg_wx_keyword` WHERE ( type=6 ) ORDER BY id desc  [ RunTime:0.0160s ]
INFO: [ view_parse ] --START--
INFO: [ template_filter ] --START--
INFO: Run Behavior\ContentReplaceBehavior [ RunTime:0.000000s ]
INFO: [ template_filter ] --END-- [ RunTime:0.001000s ]
NOTIC: [8] Undefined variable: Page D:\wamp\www\backend\data\runtime\Cache\Weixin\60cac53c5d98cae1af5db3a67bb2e40c.php 第 95 行.
NOTIC: [8] Undefined variable: formget D:\wamp\www\backend\data\runtime\Cache\Weixin\60cac53c5d98cae1af5db3a67bb2e40c.php 第 117 行.
INFO: Run Behavior\ParseTemplateBehavior [ RunTime:0.043002s ]
INFO: [ view_parse ] --END-- [ RunTime:0.043002s ]
INFO: [ view_filter ] --START--
INFO: Run Behavior\WriteHtmlCacheBehavior [ RunTime:0.001001s ]
INFO: Run Common\Behavior\TmplStripSpaceBehavior [ RunTime:0.001000s ]
INFO: [ view_filter ] --END-- [ RunTime:0.002001s ]
INFO: [ app_end ] --START--
INFO: Run Behavior\ShowPageTraceBehavior [ RunTime:0.002000s ]
INFO: [ app_end ] --END-- [ RunTime:0.002000s ]

